[20:46:06] [INSIGHT] Comece no Red. Peça um leque e fique atento a um possível invade da Poppy.
[20:47:26] [INSIGHT] Continue sua rota de selva para pegar nível 3. Fique atento à Poppy, ela está nível 1; prepare-se para contestar o Caranguejo ou invadir o segundo buff dela.
[20:48:09] [INSIGHT] Poppy está nível 1. Invada a selva inimiga imediatamente para abater ou roubar campos.
[20:48:24] [INSIGHT] Seu time tem vantagem nos abates. Termine o lado azul da selva e volte para base para comprar.
[20:48:39] [INSIGHT] Sua Poppy inimiga está muito atrasada. Invada a selva inimiga pelo lado do topo ou gank o topo agora. Priorize a Fiora.
[20:49:24] [INSIGHT] Você morreu. Ao renascer, compre itens e limpe seus campos. Recupere o tempo perdido e o farm.
[20:50:00] [INSIGHT] Aurelion Sol morreu e Karma também, mas você está com pouco gold. Finalize o arauto e ganke o mid ou top, onde seus aliados estão vivos.
[20:50:29] [INSIGHT] Você morreu. Ao renascer, compre itens e foque em limpar seus campos da selva para recuperar o atraso de nível e ouro. Evite confrontos diretos com Poppy.
[20:50:59] [INSIGHT] Não ganke agora. Priorize farm para o nível 4. Ezreal morreu, mas Poppy tem vantagem de nível e pode contra-gankar.
[20:51:21] [INSIGHT] Seu gold está baixo, limpe um campo da selva. Gank bot para capitalizar na vantagem do Aurelion Sol.
[20:51:31] [INSIGHT] [ANÁLISE PERIÓDICA] Seu KDA está negativo e o gold baixo para o tempo. Farmar é prioridade imediata. Evite confrontos diretos até o Level 6.
[20:52:09] [INSIGHT] Ahri e Karma estão pressionando na rota inferior. Foque em farm para o nível 6 e prepare-se para o Dragão, ele surge em breve.
[20:52:32] [INSIGHT] Seu bot lane morreu. Verifique o dragão e proteja a torre inferior. Cuidado com a Poppy na região.
[20:52:55] [INSIGHT] Kassadin morreu no mid para Ahri e Poppy. Recue imediatamente para base, compre seus itens e farme para pegar o nível 6. Fique atento a uma possível invasão na sua selva.
[20:53:19] [INSIGHT] Inimigos Poppy e Ezreal estão mortos. Vá direto para o Dragão com seu bot lane, que está forte. Após o objetivo, foque em farmar para fechar item.
[20:53:46] [INSIGHT] A bot lane está exposta após a morte do Aurelion Sol. Farm um campo para pegar nível 6 e prepare um gank ou defenda a torre inferior.
[20:54:17] [INSIGHT] Use sua ultimate em Ahri no meio agora para garantir o abate. Com a vantagem de números, dispute o Arauto.
[20:54:37] [INSIGHT] Renasça e siga direto para o dragão. Seu bot lane está forte e o inimigo morto, aproveite essa vantagem para garantir o objetivo.
[20:55:35] [INSIGHT] Recue para a base imediatamente. Você está com pouca vida e ouro. Após comprar, limpe seus acampamentos e prepare para gankar a rota inferior, aproveitando a morte do Ezreal.
[20:55:59] [INSIGHT] Seu Aurelion Sol fez um double kill. Use essa vantagem para fazer o Dragão AGORA, aproveitando que o Ezreal e Karma estão fora do mapa.
[20:56:22] [INSIGHT] [ANÁLISE PERIÓDICA] Seu farm está baixo e você tem muitas mortes para o tempo de jogo. Priorize farm e ganks com vantagem numérica, aproveitando seu nível sobre a Poppy. Cuidado com Ahri e Ezreal, eles estão muito fortes.
[20:56:52] [INSIGHT] Recue imediatamente para comprar Fulgor. Com o Aurelion Sol forte no bot, foque em garantir o próximo Dragão. Fique atento à Poppy.
[20:57:14] [INSIGHT] Sua vida está crítica. Recue para a base e compre itens. Com a Poppy morta, prepare-se para invadir a selva inimiga ou gankar o topo.
[20:57:39] [INSIGHT] Ezreal está morto. Ganke a bot lane com Aurelion Sol para abater Karma. Depois, force o Dragão ou a torre.
[20:58:06] [INSIGHT] Você está nível 9. O Arauto nasceu e o Barão está vivo. Seu time tem vantagem de abate no bot.
Limpe a selva e procure por um gank no mid ou top, mas fique atento ao Arauto.
A Poppy está com itens atrasados, aproveite para invadir a selva dela.
[20:58:38] [INSIGHT] Recue imediatamente para comprar e curar. Com Ahri, Ezreal e Karma mortos, faça o Dragão ou force a torre inferior com Aurelion Sol.
[20:59:29] [INSIGHT] Nossa torre do meio caiu. Compre sentinela de controle, posicione-a na selva do meio e jogue ao redor do Aurelion Sol para forçar lutas.
[20:59:57] [INSIGHT] Volte para base imediatamente. Compre Brilho e recupere vida. Após, procure Poppy na selva ou ganke o meio, você tem vantagem de nível.
[21:00:30] [INSIGHT] Karma está morta. Avance na rota inferior com Aurelion Sol para abater o Ezreal. Pressionem para pegar a torre ou o próximo Dragão.
[21:00:54] [INSIGHT] Ezreal está muito forte e acabou de abater nossa bot lane. Evite o lado inferior do mapa. Foque em farmar sua selva e procure por ganks no topo ou meio.
[21:01:21] [INSIGHT] [ANÁLISE PERIÓDICA] Seu farm e ouro estão baixos, Camille. Limpe a selva e tente um gank no bot ou mid para fechar seu item mítico. Cuidado com Fiora e Ahri, estão fortes.
[21:01:45] [INSIGHT] Ao renascer, compre itens. Com quatro inimigos mortos, force o Dragão ou push nas torres do meio/inferior com seu time. Maximize a vantagem numérica.
[21:02:14] [INSIGHT] Base imediatamente para comprar itens. A torre inimiga do topo caiu; Fiora pode splitar. Esteja pronto para caçá-la ou foque em objetivos com Aurelion Sol.
[21:02:40] [INSIGHT] Time inimigo quase todo morto, incluindo o jungler. Vá imediatamente para o Dragão com seu time, é um objetivo livre e crucial.
[21:03:07] [INSIGHT] Verifique a atividade do Kled, 0/0/0 é preocupante. Fiora e Ahri estão mortas, agrupe com Aurelion Sol para forçar jogadas no meio. Recue para comprar itens e Sentinelas de Controle para o próximo dragão.
[21:03:38] [INSIGHT] Ezreal está morto. Aproveite a vantagem numérica e force o Dragão ou Arauto.
[21:03:56] [INSIGHT] Ahri está morta. Volte para a base, gaste seu ouro e depois junte-se ao Kassadin para forçar o meio ou invadir a selva inimiga.
[21:04:23] [INSIGHT] Poppy tem o Arauto. Volte para base para comprar e prepare-se para interceptá-la no meio ou topo.
[21:04:43] [INSIGHT] Aguarde o renascimento. Ao voltar, foque em farmar sua selva para fechar um item e acompanhar o power spike do Ezreal inimigo. Mantenha-se perto do Kassadin para as próximas lutas.
[21:05:06] [INSIGHT] Ao renascer, compre uma Sentinela de Controle e foque em limpar sua selva. Com Ahri fora de jogo, procure gankar o meio com Kassadin ou pressione a rota inferior com seu bot-lane.
[21:05:30] [INSIGHT] Ahri está morta. Pressione o meio para derrubar a torre e prepare o Dragão. Aproveite a vantagem numérica.
[21:05:49] [INSIGHT] Poppy está muito atrás e vulnerável. Invada a selva dela para atrasar mais e procure abates. Com seus carries fortes, uma pick pode abrir o Barão.
[21:06:16] [INSIGHT] [ANÁLISE PERIÓDICA] Sua virada foi excelente com abates, mas o CS está baixo. Volte e gaste seu ouro agora. Pressione Barão ou Dragão com sua vantagem e priorize o Ezreal inimigo.
[21:06:44] [INSIGHT] Você está morto. Ao renascer, compre itens. Aproveite a vantagem de 4v2 contra Fiora e Ahri para invadir a selva inimiga ou forçar objetivos no meio/inferior.
[21:07:12] [INSIGHT] Você está morto. Ao renascer, priorize farmar na selva para recuperar ouro e nível. Agrupe com Aurelion Sol e Kassadin para defender e buscar abates.
[21:08:08] [INSIGHT] Garanta visão no Barão. Procure abater a Fiora ou Poppy se estiverem isoladas para abrir o mapa. Em lutas, foque em proteger seu Aurelion Sol.
[21:08:30] [INSIGHT] Inimigos mortos, Fiora viva no top. Vá para o Barão imediatamente com Kassadin e Morgana. Consiga este objetivo crucial.
[21:08:58] [INSIGHT] Com Kassadin e Morgana, aproveite a vantagem numérica (3v2). Localize Fiora ou Poppy para um abate.
[21:09:19] [INSIGHT] Sua torre T2 do meio caiu. Limpe visão na sua selva para evitar invasões e procure por picks em alvos isolados como Poppy ou Karma.
[21:09:42] [INSIGHT] Fiora está morta. Mova-se com seu time para a área do Barão, pinguem-no e preparem-se para iniciar. Usem a vantagem numérica para garantir o objetivo.
[21:10:05] [INSIGHT] Fiora e Ahri estão mortas. Com dois abates inimigos, use a vantagem numérica para forçar o Barão agora. Reúna seu time para o objetivo.
[21:10:26] [INSIGHT] Recue imediatamente para base, sua vida está crítica. Após curar, procure fazer o Barão com seu time; o Ezreal e a Ahri estão mortos.
[21:10:47] [INSIGHT] Recue para base imediatamente para curar e comprar itens. Com Poppy e Ezreal mortos, sinalize Barão para seu time.
[21:11:09] [INSIGHT] Recue imediatamente para base. Cure-se, gaste seu ouro e evite lutas em desvantagem com dois aliados mortos.
[21:11:28] [INSIGHT] Seus aliados estão mortos e o time inimigo está com vantagem numérica. Recue imediatamente para a base e gaste seu ouro. Aguarde o respawn do seu time antes de se expor.
[21:11:48] [INSIGHT] [ANÁLISE PERIÓDICA] Estás a carregar o jogo, mantenha a agressividade. Volte para base imediatamente e feche seus itens. Priorize abater o Ezreal, anular a Fiora e forçar o Barão.
[21:12:11] [INSIGHT] Karma está morta, temos vantagem numérica. Force o Barão com seu time agora para capitalizar.
[21:12:32] [INSIGHT] Karma está fora de combate. Procure um abate na Ahri ou Ezreal com seu nível 16 e force o Barão.
